c:\users\lucas g\source\repos\qtwidgetsapplication2\qtwidgetsapplication2\x64\release\moc_tcpclient.obj
c:\users\lucas g\source\repos\qtwidgetsapplication2\qtwidgetsapplication2\x64\release\qrc_tcpclient.obj
c:\users\lucas g\source\repos\qtwidgetsapplication2\qtwidgetsapplication2\x64\release\tcpclient.obj
c:\users\lucas g\source\repos\qtwidgetsapplication2\qtwidgetsapplication2\x64\release\main.obj
c:\users\lucas g\source\repos\qtwidgetsapplication2\x64\release\qtwidgetsapplication2.exe
c:\users\lucas g\source\repos\qtwidgetsapplication2\qtwidgetsapplication2\x64\release\moc\moc_tcpclient.cpp
c:\users\lucas g\source\repos\qtwidgetsapplication2\qtwidgetsapplication2\x64\release\uic\ui_tcpclient.h
c:\users\lucas g\source\repos\qtwidgetsapplication2\qtwidgetsapplication2\x64\release\rcc\qrc_tcpclient.cpp
c:\users\lucas g\source\repos\qtwidgetsapplication2\qtwidgetsapplication2\x64\release\qtwidget.9c3807ad.tlog\cl.2492.write.1.tlog
c:\users\lucas g\source\repos\qtwidgetsapplication2\qtwidgetsapplication2\x64\release\qtwidget.9c3807ad.tlog\cl.command.1.tlog
c:\users\lucas g\source\repos\qtwidgetsapplication2\qtwidgetsapplication2\x64\release\qtwidget.9c3807ad.tlog\cl.read.1.tlog
c:\users\lucas g\source\repos\qtwidgetsapplication2\qtwidgetsapplication2\x64\release\qtwidget.9c3807ad.tlog\link.command.1.tlog
c:\users\lucas g\source\repos\qtwidgetsapplication2\qtwidgetsapplication2\x64\release\qtwidget.9c3807ad.tlog\link.read.1.tlog
c:\users\lucas g\source\repos\qtwidgetsapplication2\qtwidgetsapplication2\x64\release\qtwidget.9c3807ad.tlog\link.write.1.tlog
c:\users\lucas g\source\repos\qtwidgetsapplication2\qtwidgetsapplication2\x64\release\qtwidget.9c3807ad.tlog\moc.read.1u.tlog
c:\users\lucas g\source\repos\qtwidgetsapplication2\qtwidgetsapplication2\x64\release\qtwidget.9c3807ad.tlog\moc.write.1u.tlog
c:\users\lucas g\source\repos\qtwidgetsapplication2\qtwidgetsapplication2\x64\release\qtwidget.9c3807ad.tlog\qtwidgetsapplication2.write.1u.tlog
c:\users\lucas g\source\repos\qtwidgetsapplication2\qtwidgetsapplication2\x64\release\qtwidget.9c3807ad.tlog\rcc.read.1u.tlog
c:\users\lucas g\source\repos\qtwidgetsapplication2\qtwidgetsapplication2\x64\release\qtwidget.9c3807ad.tlog\rcc.write.1u.tlog
c:\users\lucas g\source\repos\qtwidgetsapplication2\qtwidgetsapplication2\x64\release\qtwidget.9c3807ad.tlog\uic.read.1u.tlog
c:\users\lucas g\source\repos\qtwidgetsapplication2\qtwidgetsapplication2\x64\release\qtwidget.9c3807ad.tlog\uic.write.1u.tlog
